2025-12-06 19:14:47 - file_management_system - INFO - Preview request - Directory: 'C:\Users\JSBG\Downloads', Mode: type
2025-12-06 19:15:09 - file_management_system - INFO - Preview request - Directory: 'C:\Users\JSBG\Downloads', Mode: type
2025-12-06 19:15:18 - file_management_system - INFO - Preview request - Directory: 'C:\Users\JSBG\Downloads', Mode: date
2025-12-06 19:15:45 - file_management_system - INFO - Preview request - Directory: 'C:\Users\JSBG\Downloads', Mode: project
2025-12-06 19:16:01 - file_management_system - INFO - Preview request - Directory: 'C:\Users\JSBG\Downloads', Mode: type
2025-12-06 19:16:13 - file_management_system - INFO - Preview request - Directory: 'C:\Users\JSBG\Downloads\image.png', Mode: type
2025-12-06 19:16:13 - file_management_system - ERROR - Path validation failed for: 'C:\Users\JSBG\Downloads\image.png'
2025-12-06 19:16:30 - file_management_system - ERROR - OCR failed for C:\Users\JSBG\Downloads\image.png: tesseract is not installed or it's not in your PATH. See README file for more information.
2025-12-06 19:17:10 - file_management_system - ERROR - OCR failed for C:\Users\JSBG\Downloads\download.png: tesseract is not installed or it's not in your PATH. See README file for more information.
2025-12-06 19:21:34 - file_management_system - ERROR - OCR failed for C:\Users\JSBG\Downloads\pic.jpg: tesseract is not installed or it's not in your PATH. See README file for more information.
2025-12-06 19:21:50 - file_management_system - ERROR - OCR failed for C:\Users\JSBG\Downloads\pic.jpg: tesseract is not installed or it's not in your PATH. See README file for more information.
2025-12-06 19:45:30 - file_management_system - INFO - OCR Strategy 3 (PSM 6) succeeded for uploads\pic.jpg
2025-12-06 19:45:33 - file_management_system - INFO - OCR Strategy 1 (original) succeeded for uploads\download.png
2025-12-06 19:45:45 - file_management_system - INFO - OCR Strategy 3 (PSM 6) succeeded for uploads\image.png
2025-12-06 19:49:38 - file_management_system - INFO - OCR Strategy 3 (PSM 6) succeeded for uploads\pic.jpg
2025-12-06 19:49:41 - file_management_system - INFO - OCR Strategy 1 (original) succeeded for uploads\download.png
2025-12-06 19:49:55 - file_management_system - INFO - OCR Strategy 3 (PSM 6) succeeded for uploads\image.png
2025-12-06 20:10:45 - file_management_system - INFO - Preview request - Directory: 'C:\Users\JSBG\Downloads', Mode: type
2025-12-06 20:12:31 - file_management_system - INFO - Preview request - Directory: 'C:\Users\JSBG\pic', Mode: type
2025-12-06 20:12:31 - file_management_system - ERROR - Path validation failed for: 'C:\Users\JSBG\pic'
2025-12-06 20:12:39 - file_management_system - INFO - Preview request - Directory: 'C:\Users\JSBG\Desktop', Mode: type
2025-12-06 20:14:05 - file_management_system - INFO - Preview request - Directory: 'C:\Users\JSBG\OneDrive\Desktop\Data Analytics', Mode: type
2025-12-06 20:14:35 - file_management_system - INFO - Preview request - Directory: 'C:\Users\JSBG\OneDrive\Desktop\Data Analytics', Mode: type
2025-12-06 20:16:36 - file_management_system - INFO - Preview request - Directory: 'C:\Users\JSBG\OneDrive\Desktop\Data Analytics', Mode: type
2025-12-06 20:17:52 - file_management_system - INFO - Preview request - Directory: 'C:\Users\JSBG\OneDrive\Desktop\Data Analytics', Mode: project
2025-12-06 20:18:11 - file_management_system - INFO - Preview request - Directory: 'C:\Users\JSBG\OneDrive\Desktop\Data Analytics', Mode: project
2025-12-06 20:21:35 - file_management_system - INFO - Preview request - Directory: 'C:\Users\JSBG\Pictures', Mode: project
2025-12-06 20:21:39 - file_management_system - INFO - Preview request - Directory: 'C:\Users\JSBG\Pictures', Mode: project
2025-12-06 20:21:45 - file_management_system - INFO - Preview request - Directory: 'C:\Users\JSBG\Pictures', Mode: type
2025-12-06 20:21:50 - file_management_system - INFO - Preview request - Directory: 'C:\Users\JSBG\Pictures', Mode: date
2025-12-06 20:24:31 - file_management_system - INFO - OCR Strategy 3 (PSM 6) succeeded for uploads\pic.jpg
2025-12-06 20:24:36 - file_management_system - INFO - OCR Strategy 1 (original) succeeded for uploads\download.png
2025-12-06 20:24:57 - file_management_system - INFO - OCR Strategy 3 (PSM 6) succeeded for uploads\image.png
2025-12-06 20:25:34 - file_management_system - INFO - OCR Strategy 3 (PSM 6) succeeded for uploads\pic.jpg
2025-12-06 20:25:36 - file_management_system - INFO - OCR Strategy 1 (original) succeeded for uploads\download.png
2025-12-06 20:25:38 - file_management_system - INFO - OCR Strategy 3 (PSM 6) succeeded for uploads\pic.jpg
2025-12-06 20:25:39 - file_management_system - INFO - OCR Strategy 3 (PSM 6) succeeded for uploads\pic.jpg
2025-12-06 20:25:42 - file_management_system - INFO - OCR Strategy 1 (original) succeeded for uploads\download.png
2025-12-06 20:25:43 - file_management_system - INFO - OCR Strategy 1 (original) succeeded for uploads\download.png
2025-12-06 20:25:55 - file_management_system - INFO - OCR Strategy 3 (PSM 6) succeeded for uploads\image.png
2025-12-06 20:25:59 - file_management_system - INFO - OCR Strategy 3 (PSM 6) succeeded for uploads\image.png
2025-12-06 20:25:59 - file_management_system - INFO - OCR Strategy 3 (PSM 6) succeeded for uploads\image.png
2025-12-06 20:26:20 - file_management_system - INFO - OCR Strategy 1 (original) succeeded for uploads\Screenshot (280).png
2025-12-06 20:26:24 - file_management_system - INFO - OCR Strategy 1 (original) succeeded for uploads\Screenshot (392).png
2025-12-06 20:26:26 - file_management_system - INFO - OCR Strategy 1 (original) succeeded for uploads\Screenshot (393).png
2025-12-06 20:31:42 - file_management_system - INFO - EasyOCR extracted 473 characters from uploads\Screenshot (280).png
2025-12-06 20:31:42 - file_management_system - INFO - EasyOCR succeeded for uploads\Screenshot (280).png
2025-12-07 11:38:08 - file_management_system - INFO - EasyOCR extracted 473 characters from uploads\Screenshot (280).png
2025-12-07 11:38:08 - file_management_system - INFO - EasyOCR succeeded for uploads\Screenshot (280).png
2025-12-07 11:48:27 - file_management_system - INFO - OCR Strategy 1 (original) succeeded for uploads\Screenshot (280).png
2025-12-07 11:48:31 - file_management_system - INFO - OCR Strategy 1 (original) succeeded for uploads\Screenshot (392).png
2025-12-07 11:48:34 - file_management_system - INFO - OCR Strategy 1 (original) succeeded for uploads\Screenshot (393).png
2025-12-07 11:49:17 - file_management_system - INFO - OCR Strategy 1 (original) succeeded for uploads\Screenshot (238).png
2025-12-07 11:50:43 - file_management_system - INFO - OCR Strategy 1 (original) succeeded for uploads\Screenshot (238).png
2025-12-07 11:50:51 - file_management_system - INFO - OCR Strategy 1 (original) succeeded for uploads\Screenshot (238).png
2025-12-07 11:51:10 - file_management_system - INFO - OCR Strategy 1 (original) succeeded for uploads\Screenshot (238).png
2025-12-07 11:51:11 - file_management_system - INFO - OCR Strategy 1 (original) succeeded for uploads\Screenshot (238).png
2025-12-07 11:51:51 - file_management_system - INFO - OCR Strategy 1 (original) succeeded for uploads\Screenshot (238).png
2025-12-07 11:52:01 - file_management_system - INFO - OCR Strategy 1 (original) succeeded for uploads\Screenshot (238).png
2025-12-07 11:56:31 - file_management_system - INFO - OCR extracted 165 chars from C:\Users\JSBG\Downloads\download.png
2025-12-07 11:56:44 - file_management_system - INFO - OCR extracted 165 chars from C:\Users\JSBG\Downloads\download.png
2025-12-07 12:14:28 - file_management_system - INFO - OCR extracted 416 chars from uploads\Screenshot (280).png
2025-12-07 12:14:31 - file_management_system - INFO - OCR extracted 584 chars from uploads\Screenshot (392).png
2025-12-07 12:14:42 - file_management_system - INFO - OCR extracted 416 chars from uploads\Screenshot (280).png
2025-12-07 12:14:46 - file_management_system - INFO - OCR extracted 584 chars from uploads\Screenshot (392).png
2025-12-07 12:25:08 - file_management_system - INFO - OCR extracted 584 chars from uploads\Screenshot (392).png
2025-12-07 12:25:18 - file_management_system - INFO - OCR extracted 584 chars from uploads\Screenshot (392).png
2025-12-07 12:28:03 - file_management_system - INFO - OCR extracted 728 chars from uploads\Screenshot (238).png
2025-12-07 12:28:11 - file_management_system - INFO - OCR extracted 728 chars from uploads\Screenshot (238).png
2025-12-07 12:29:30 - file_management_system - INFO - Preview request - Directory: 'C:\Users\JSBG\Downloads\image.png', Mode: type
2025-12-07 12:29:30 - file_management_system - ERROR - Path validation failed for: 'C:\Users\JSBG\Downloads\image.png'
2025-12-07 12:29:36 - file_management_system - INFO - Preview request - Directory: 'C:\Users\JSBG\Downloads\', Mode: type
2025-12-07 12:30:44 - file_management_system - INFO - Preview request - Directory: 'C:\Users\JSBG\Downloads\pic.jpg', Mode: type
2025-12-07 12:30:44 - file_management_system - ERROR - Path validation failed for: 'C:\Users\JSBG\Downloads\pic.jpg'
2025-12-07 12:30:44 - file_management_system - INFO - Preview request - Directory: 'C:\Users\JSBG\Downloads\pic.jpg', Mode: type
2025-12-07 12:30:44 - file_management_system - ERROR - Path validation failed for: 'C:\Users\JSBG\Downloads\pic.jpg'
2025-12-07 12:30:58 - file_management_system - INFO - Preview request - Directory: 'C:\Users\JSBG\Downloads\', Mode: type
2025-12-07 12:31:11 - file_management_system - INFO - Preview request - Directory: 'C:\Users\JSBG\Desktop\', Mode: type
2025-12-07 12:31:24 - file_management_system - INFO - Preview request - Directory: 'C:\Users\JSBG\Desktop\DSA', Mode: type
2025-12-07 12:31:24 - file_management_system - ERROR - Path validation failed for: 'C:\Users\JSBG\Desktop\DSA'
2025-12-07 12:32:00 - file_management_system - INFO - Preview request - Directory: 'C:\Users\JSBG\OneDrive\Desktop\DSA', Mode: type
2025-12-07 12:32:18 - file_management_system - INFO - Preview request - Directory: 'C:\Users\JSBG\OneDrive\Desktop\DSA', Mode: date
2025-12-07 12:32:44 - file_management_system - INFO - Preview request - Directory: 'C:\Users\JSBG\OneDrive\Desktop\DSA', Mode: project
2025-12-07 12:32:59 - file_management_system - INFO - Preview request - Directory: 'C:\Users\JSBG\OneDrive\Desktop\DSA', Mode: date
2025-12-07 12:33:13 - file_management_system - INFO - Preview request - Directory: 'C:\Users\JSBG\OneDrive\Desktop\DSA', Mode: type
2025-12-07 12:33:16 - file_management_system - INFO - Successfully moved: C:\Users\JSBG\OneDrive\Desktop\DSA\factorial.cpp -> C:\Users\JSBG\OneDrive\Desktop\DSA\Others\factorial.cpp
2025-12-07 12:33:16 - file_management_system - INFO - Successfully moved: C:\Users\JSBG\OneDrive\Desktop\DSA\factorial.exe -> C:\Users\JSBG\OneDrive\Desktop\DSA\Others\factorial.exe
2025-12-07 12:33:16 - file_management_system - INFO - Successfully moved: C:\Users\JSBG\OneDrive\Desktop\DSA\task.cpp -> C:\Users\JSBG\OneDrive\Desktop\DSA\Others\task.cpp
2025-12-07 12:33:16 - file_management_system - INFO - Successfully moved: C:\Users\JSBG\OneDrive\Desktop\DSA\task.exe -> C:\Users\JSBG\OneDrive\Desktop\DSA\Others\task.exe
2025-12-07 12:33:16 - file_management_system - INFO - Operation: organize_by_type | processed=4, errors=0, preview=False
2025-12-07 12:36:41 - file_management_system - INFO - OCR extracted 728 chars from uploads\Screenshot (238).png
2025-12-07 12:36:53 - file_management_system - INFO - OCR extracted 728 chars from uploads\Screenshot (238).png
2025-12-07 12:40:38 - file_management_system - INFO - OCR extracted 728 chars from uploads\Screenshot (238).png
2025-12-07 12:40:54 - file_management_system - INFO - OCR extracted 728 chars from uploads\Screenshot (238).png
2025-12-07 12:43:39 - file_management_system - INFO - OCR extracted 728 chars from uploads\Screenshot (238).png
2025-12-07 12:43:47 - file_management_system - INFO - OCR extracted 728 chars from uploads\Screenshot (238).png
2025-12-07 12:47:02 - file_management_system - INFO - OCR extracted 728 chars from uploads\Screenshot (238).png
2025-12-07 12:47:15 - file_management_system - INFO - OCR extracted 728 chars from uploads\Screenshot (238).png
2025-12-07 12:47:22 - file_management_system - INFO - Download request for: Certificate_atfieafin_Networking_cisco_Academy_able.png
2025-12-07 12:47:22 - file_management_system - INFO - Looking in: uploads
2025-12-07 12:47:22 - file_management_system - INFO - Full path: uploads\Certificate_atfieafin_Networking_cisco_Academy_able.png
2025-12-07 12:47:22 - file_management_system - INFO - File exists: True
2025-12-07 12:47:53 - file_management_system - INFO - OCR extracted 416 chars from uploads\Screenshot (280).png
2025-12-07 12:47:55 - file_management_system - INFO - OCR extracted 416 chars from uploads\Screenshot (280).png
2025-12-07 12:47:57 - file_management_system - INFO - OCR extracted 584 chars from uploads\Screenshot (392).png
2025-12-07 12:47:59 - file_management_system - INFO - OCR extracted 584 chars from uploads\Screenshot (392).png
2025-12-07 12:48:06 - file_management_system - INFO - OCR extracted 416 chars from uploads\Screenshot (280).png
2025-12-07 12:48:10 - file_management_system - INFO - OCR extracted 584 chars from uploads\Screenshot (392).png
2025-12-07 12:48:14 - file_management_system - INFO - Download request for: Certificate_curxara_ET_Evolves_ea.png
2025-12-07 12:48:14 - file_management_system - INFO - Looking in: uploads
2025-12-07 12:48:14 - file_management_system - INFO - Full path: uploads\Certificate_curxara_ET_Evolves_ea.png
2025-12-07 12:48:14 - file_management_system - INFO - File exists: True
2025-12-07 12:48:24 - file_management_system - INFO - Download request for: Certificate_Google_Gemini_G1_Whatsapp_ait.png
2025-12-07 12:48:24 - file_management_system - INFO - Looking in: uploads
2025-12-07 12:48:24 - file_management_system - INFO - Full path: uploads\Certificate_Google_Gemini_G1_Whatsapp_ait.png
2025-12-07 12:48:24 - file_management_system - INFO - File exists: True
2025-12-07 12:52:57 - file_management_system - INFO - Preview request - Directory: 'C:\Users\JSBG\OneDrive\Desktop\DSA', Mode: type
2025-12-07 13:08:54 - file_management_system - ERROR - Failed to remove C:\Users\JSBG\OneDrive\Desktop\mini_projects\folder_cleaning\test_backend.py: unsupported operand type(s) for +=: 'int' and 'str'
2025-12-07 13:13:53 - file_management_system - INFO - Removed duplicate: C:\Users\JSBG\OneDrive\Desktop\mini_projects\folder_cleaning\test_backend.py
2025-12-07 13:55:53 - file_management_system - INFO - Preview request - Directory: 'C:\Users\JSBG\Downloads\image.png', Mode: type
2025-12-07 13:55:53 - file_management_system - ERROR - Path validation failed for: 'C:\Users\JSBG\Downloads\image.png'
2025-12-07 13:55:55 - file_management_system - INFO - Preview request - Directory: 'C:\Users\JSBG\Downloads\image.png', Mode: type
2025-12-07 13:55:55 - file_management_system - ERROR - Path validation failed for: 'C:\Users\JSBG\Downloads\image.png'
2025-12-07 13:55:56 - file_management_system - INFO - Preview request - Directory: 'C:\Users\JSBG\Downloads\image.png', Mode: type
2025-12-07 13:55:56 - file_management_system - ERROR - Path validation failed for: 'C:\Users\JSBG\Downloads\image.png'
2025-12-07 13:55:57 - file_management_system - INFO - Preview request - Directory: 'C:\Users\JSBG\Downloads\image.png', Mode: type
2025-12-07 13:55:57 - file_management_system - ERROR - Path validation failed for: 'C:\Users\JSBG\Downloads\image.png'
2025-12-07 13:56:01 - file_management_system - INFO - Preview request - Directory: 'C:\Users\JSBG\Downloads\', Mode: type
2025-12-07 13:56:44 - file_management_system - INFO - OCR extracted 728 chars from uploads\Screenshot (238).png
2025-12-07 17:35:54 - file_management_system - INFO - Preview request - Directory: 'C:\Users\JSBG\Downloads\', Mode: type
2025-12-07 17:49:57 - file_management_system - INFO - Preview request - Directory: 'C:\Users\JSBG\Desktop\DSA', Mode: type
2025-12-07 17:49:57 - file_management_system - ERROR - Path validation failed for: 'C:\Users\JSBG\Desktop\DSA'
2025-12-07 17:50:00 - file_management_system - INFO - Preview request - Directory: 'C:\Users\JSBG\Desktop\DSA', Mode: type
2025-12-07 17:50:00 - file_management_system - ERROR - Path validation failed for: 'C:\Users\JSBG\Desktop\DSA'
2025-12-07 17:50:12 - file_management_system - INFO - Preview request - Directory: 'C:\Users\JSBG\Downloads', Mode: type
2025-12-07 17:50:56 - file_management_system - INFO - OCR extracted 416 chars from uploads\Screenshot (280).png
2025-12-07 17:51:00 - file_management_system - INFO - OCR extracted 584 chars from uploads\Screenshot (392).png
2025-12-07 17:51:03 - file_management_system - INFO - OCR extracted 272 chars from uploads\Screenshot (393).png
2025-12-07 17:51:21 - file_management_system - INFO - OCR extracted 416 chars from uploads\Screenshot (280).png
2025-12-07 17:51:27 - file_management_system - INFO - OCR extracted 584 chars from uploads\Screenshot (392).png
2025-12-07 17:51:33 - file_management_system - INFO - OCR extracted 272 chars from uploads\Screenshot (393).png
2025-12-07 17:56:08 - file_management_system - INFO - OCR extracted 416 chars from uploads\Screenshot (280).png
2025-12-07 17:56:18 - file_management_system - INFO - OCR extracted 416 chars from uploads\Screenshot (280).png
2025-12-07 18:04:40 - file_management_system - INFO - Preview request - Directory: 'C:\Users\JSBG\Downloads', Mode: type
2025-12-07 18:05:03 - file_management_system - INFO - OCR extracted 416 chars from uploads\Screenshot (280).png
2025-12-07 18:12:08 - file_management_system - INFO - Preview request - Directory: 'C:\Users\JSBG\Downloads', Mode: type
2025-12-07 18:12:35 - file_management_system - INFO - OCR extracted 416 chars from uploads\Screenshot (280).png
2025-12-07 18:13:36 - file_management_system - ERROR - OCR failed for C:\Users\JSBG\Downloads: [Errno 13] Permission denied: 'C:\\Users\\JSBG\\Downloads'
2025-12-07 18:13:54 - file_management_system - ERROR - OCR failed for C:\Users\JSBG\Downloads: [Errno 13] Permission denied: 'C:\\Users\\JSBG\\Downloads'
2025-12-07 18:30:31 - file_management_system - INFO - Preview request - Directory: 'C:\Users\JSBG\Downloads', Mode: type
2025-12-07 18:31:02 - file_management_system - INFO - Preview request - Directory: 'C:\Users\JSBG\Desktop', Mode: type
2025-12-07 18:31:27 - file_management_system - INFO - OCR extracted 728 chars from uploads\Screenshot (238).png
2025-12-07 18:31:27 - file_management_system - INFO - OCR extracted 728 chars from uploads\Screenshot (238).png
